<?xml version="1.0" encoding="utf-8"?><testsuites name="pytest tests"><testsuite name="pytest" errors="0" failures="0" skipped="0" tests="66" time="0.192" timestamp="2026-09-08T23:02:58.765131+05:30" hostname="Manavs-MacBook-Pro.local"><testcase classname="tests.test_crf" name="test_unicode_features_nonmutation" time="0.000" /><testcase classname="tests.test_crf" name="test_token_properties[\u0930\u093e\u092e-devanagari]" time="0.000" /><testcase classname="tests.test_crf" name="test_token_properties[BANK-latin]" time="0.000" /><testcase classname="tests.test_crf" name="test_token_properties[Bank\u092c\u0948\u0902\u0915-mixed_script]" time="0.000" /><testcase classname="tests.test_crf" name="test_token_properties[\u0967\u0968\u0969-numeric]" time="0.000" /><testcase classname="tests.test_crf" name="test_token_properties[\u0964-punctuation]" time="0.000" /><testcase classname="tests.test_crf" name="test_token_properties[\u0930\u093e\u092e,-contains_punctuation]" time="0.000" /><testcase classname="tests.test_crf" name="test_context_boundaries" time="0.000" /><testcase classname="tests.test_crf" name="test_context_zero" time="0.000" /><testcase classname="tests.test_crf" name="test_empty_token_rejected" time="0.000" /><testcase classname="tests.test_crf" name="test_sampling_seed_and_nesting" time="0.002" /><testcase classname="tests.test_crf" name="test_sampling_validation_rejected" time="0.000" /><testcase classname="tests.test_crf" name="test_fit_predict_native_reload" time="0.006" /><testcase classname="tests.test_crf" name="test_memory_threshold" time="0.000" /><testcase classname="tests.test_crf" name="test_monitor_simulated_interruption" time="0.021" /><testcase classname="tests.test_crf" name="test_test_evaluation_rejected" time="0.001" /><testcase classname="tests.test_data" name="test_bio_errors[labels0-orphan_I]" time="0.000" /><testcase classname="tests.test_data" name="test_bio_errors[labels1-orphan_I]" time="0.000" /><testcase classname="tests.test_data" name="test_bio_errors[labels2-type_mismatch_I]" time="0.000" /><testcase classname="tests.test_data" name="test_bio_errors[labels3-unknown_label]" time="0.000" /><testcase classname="tests.test_data" name="test_structural_errors[None-labels0-missing_or_null_fields]" time="0.000" /><testcase classname="tests.test_data" name="test_structural_errors[tokens1-labels1-empty_record]" time="0.000" /><testcase classname="tests.test_data" name="test_structural_errors[tokens2-labels2-length_mismatch]" time="0.000" /><testcase classname="tests.test_data" name="test_structural_errors[tokens3-labels3-invalid_token]" time="0.000" /><testcase classname="tests.test_data" name="test_normalisation_manifest_nonmutation" time="0.000" /><testcase classname="tests.test_data" name="test_strict_raw_spans" time="0.000" /><testcase classname="tests.test_data" name="test_valid_normalisation_unchanged" time="0.000" /><testcase classname="tests.test_data" name="test_duplicate_retention_after_repair" time="0.000" /><testcase classname="tests.test_data" name="test_leakage_before_dedup" time="0.000" /><testcase classname="tests.test_data" name="test_empty_test_quarantine" time="0.000" /><testcase classname="tests.test_data" name="test_unexpected_empty_train_rejected" time="0.000" /><testcase classname="tests.test_data" name="test_derived_reproducibility" time="0.000" /><testcase classname="tests.test_data" name="test_normalised_text_unicode_and_case" time="0.000" /><testcase classname="tests.test_data" name="test_alignment_first_only" time="0.000" /><testcase classname="tests.test_data" name="test_alignment_all_subtokens" time="0.000" /><testcase classname="tests.test_data" name="test_alignment_out_of_bounds" time="0.000" /><testcase classname="tests.test_data" name="test_statistics_survive_manifest_roundtrip" time="0.001" /><testcase classname="tests.test_final_evaluation" name="test_frozen_config_tampering" time="0.001" /><testcase classname="tests.test_final_evaluation" name="test_freeze_manifest_tampering" time="0.001" /><testcase classname="tests.test_final_evaluation" name="test_final_split_rejection[train_clean]" time="0.000" /><testcase classname="tests.test_final_evaluation" name="test_final_split_rejection[validation_clean]" time="0.000" /><testcase classname="tests.test_final_evaluation" name="test_final_split_rejection[../test_clean]" time="0.000" /><testcase classname="tests.test_final_evaluation" name="test_final_split_selection[test_clean]" time="0.000" /><testcase classname="tests.test_final_evaluation" name="test_final_split_selection[official_test]" time="0.000" /><testcase classname="tests.test_final_evaluation" name="test_test_data_cannot_train[validation]" time="0.000" /><testcase classname="tests.test_final_evaluation" name="test_test_data_cannot_train[test]" time="0.000" /><testcase classname="tests.test_final_evaluation" name="test_prediction_schema_and_replay" time="0.001" /><testcase classname="tests.test_final_evaluation" name="test_empty_official_prediction" time="0.000" /><testcase classname="tests.test_final_evaluation" name="test_prediction_wrong_source" time="0.000" /><testcase classname="tests.test_final_evaluation" name="test_one_shot_guard" time="0.001" /><testcase classname="tests.test_foundation" name="test_schema_discovery" time="0.000" /><testcase classname="tests.test_foundation" name="test_schema_is_not_executed" time="0.001" /><testcase classname="tests.test_foundation" name="test_invalid_schema[x = 1]" time="0.000" /><testcase classname="tests.test_foundation" name="test_invalid_schema[x = datasets.ClassLabel(names=['O'])]" time="0.000" /><testcase classname="tests.test_foundation" name="test_invalid_schema[x = datasets.ClassLabel(names=unknown)]" time="0.000" /><testcase classname="tests.test_foundation" name="test_checksum_stable_and_detects_change" time="0.001" /><testcase classname="tests.test_foundation" name="test_checksum_detects_new_file" time="0.001" /><testcase classname="tests.test_foundation" name="test_checksum_relative_paths" time="0.001" /><testcase classname="tests.test_foundation" name="test_empty_checksum_rejected" time="0.001" /><testcase classname="tests.test_foundation" name="test_json_unicode_roundtrip" time="0.001" /><testcase classname="tests.test_foundation" name="test_environment_reports_observations" time="0.038" /><testcase classname="tests.test_metrics" name="test_full_match" time="0.000" /><testcase classname="tests.test_metrics" name="test_wrong_boundary_not_partial_credit" time="0.000" /><testcase classname="tests.test_metrics" name="test_wrong_type" time="0.000" /><testcase classname="tests.test_metrics" name="test_micro_counts_across_sentences" time="0.000" /><testcase classname="tests.test_metrics" name="test_shape_rejected" time="0.000" /></testsuite></testsuites>