<?xml version="1.0" encoding="utf-8"?><testsuites name="pytest tests"><testsuite name="pytest" errors="0" failures="0" skipped="0" tests="110" time="1.709" timestamp="2026-09-21T20:33:41.742300+05:30" hostname="Manavs-MacBook-Pro.local"><testcase classname="tests.test_crf" name="test_unicode_features_nonmutation" time="0.000" /><testcase classname="tests.test_crf" name="test_token_properties[\u0930\u093e\u092e-devanagari]" time="0.000" /><testcase classname="tests.test_crf" name="test_token_properties[BANK-latin]" time="0.000" /><testcase classname="tests.test_crf" name="test_token_properties[Bank\u092c\u0948\u0902\u0915-mixed_script]" time="0.000" /><testcase classname="tests.test_crf" name="test_token_properties[\u0967\u0968\u0969-numeric]" time="0.000" /><testcase classname="tests.test_crf" name="test_token_properties[\u0964-punctuation]" time="0.000" /><testcase classname="tests.test_crf" name="test_token_properties[\u0930\u093e\u092e,-contains_punctuation]" time="0.000" /><testcase classname="tests.test_crf" name="test_context_boundaries" time="0.000" /><testcase classname="tests.test_crf" name="test_context_zero" time="0.000" /><testcase classname="tests.test_crf" name="test_empty_token_rejected" time="0.000" /><testcase classname="tests.test_crf" name="test_sampling_seed_and_nesting" time="0.001" /><testcase classname="tests.test_crf" name="test_sampling_validation_rejected" time="0.000" /><testcase classname="tests.test_crf" name="test_fit_predict_native_reload" time="0.004" /><testcase classname="tests.test_crf" name="test_memory_threshold" time="0.000" /><testcase classname="tests.test_crf" name="test_monitor_simulated_interruption" time="0.014" /><testcase classname="tests.test_crf" name="test_test_evaluation_rejected" time="0.001" /><testcase classname="tests.test_data" name="test_bio_errors[labels0-orphan_I]" time="0.000" /><testcase classname="tests.test_data" name="test_bio_errors[labels1-orphan_I]" time="0.000" /><testcase classname="tests.test_data" name="test_bio_errors[labels2-type_mismatch_I]" time="0.000" /><testcase classname="tests.test_data" name="test_bio_errors[labels3-unknown_label]" time="0.000" /><testcase classname="tests.test_data" name="test_structural_errors[None-labels0-missing_or_null_fields]" time="0.000" /><testcase classname="tests.test_data" name="test_structural_errors[tokens1-labels1-empty_record]" time="0.000" /><testcase classname="tests.test_data" name="test_structural_errors[tokens2-labels2-length_mismatch]" time="0.000" /><testcase classname="tests.test_data" name="test_structural_errors[tokens3-labels3-invalid_token]" time="0.000" /><testcase classname="tests.test_data" name="test_normalisation_manifest_nonmutation" time="0.000" /><testcase classname="tests.test_data" name="test_strict_raw_spans" time="0.000" /><testcase classname="tests.test_data" name="test_valid_normalisation_unchanged" time="0.000" /><testcase classname="tests.test_data" name="test_duplicate_retention_after_repair" time="0.000" /><testcase classname="tests.test_data" name="test_leakage_before_dedup" time="0.000" /><testcase classname="tests.test_data" name="test_empty_test_quarantine" time="0.000" /><testcase classname="tests.test_data" name="test_unexpected_empty_train_rejected" time="0.000" /><testcase classname="tests.test_data" name="test_derived_reproducibility" time="0.000" /><testcase classname="tests.test_data" name="test_normalised_text_unicode_and_case" time="0.000" /><testcase classname="tests.test_data" name="test_alignment_first_only" time="0.000" /><testcase classname="tests.test_data" name="test_alignment_all_subtokens" time="0.000" /><testcase classname="tests.test_data" name="test_alignment_out_of_bounds" time="0.000" /><testcase classname="tests.test_data" name="test_statistics_survive_manifest_roundtrip" time="0.001" /><testcase classname="tests.test_demo" name="test_invalid_input[]" time="0.000" /><testcase classname="tests.test_demo" name="test_invalid_input[  \n\t]" time="0.000" /><testcase classname="tests.test_demo" name="test_invalid_input[\u0905\u0905\u0905\u0905\u0905\u0905\u0905\u0905\u0905\u0905\u0905\u0905\u0905\u0905\u0905\u0905\u0905\u0905\u0905\u0905\u0905\u0905\u0905\u0905\u0905\u0905\u0905\u0905\u0905\u0905\u0905\u0905\u0905\u0905\u0905\u0905\u0905\u0905\u0905\u0905\u0905\u0905\u0905\u0905\u0905\u0905\u0905\u0905\u0905\u0905\u0905\u0905\u0905\u0905\u0905\u0905\u0905\u0905\u0905\u0905\u0905\u0905\u0905\u0905\u0905\u0905\u0905\u0905\u0905\u0905\u0905\u0905\u0905\u0905\u0905\u0905\u0905\u0905\u0905\u0905\u0905\u0905\u0905\u0905\u0905\u0905\u0905\u0905\u0905\u0905\u0905\u0905\u0905\u0905\u0905\u0905\u0905\u0905\u0905\u0905\u0905\u0905\u0905\u0905\u0905\u0905\u0905\u0905\u0905\u0905\u0905\u0905\u0905\u0905\u0905\u0905\u0905\u0905\u0905\u0905\u0905\u0905\u0905\u0905\u0905\u0905\u0905\u0905\u0905\u0905\u0905\u0905\u0905\u0905\u0905\u0905\u0905\u0905\u0905\u0905\u0905\u0905\u0905\u0905\u0905\u0905\u0905\u0905\u0905\u0905\u0905\u0905\u0905\u0905\u0905\u0905\u0905\u0905\u0905\u0905\u0905\u0905\u0905\u0905\u0905\u0905\u0905\u0905\u0905\u0905\u0905\u0905\u0905\u0905\u0905\u0905\u0905\u0905\u0905\u0905\u0905\u0905\u0905\u0905\u0905\u0905\u0905\u0905\u0905\u0905\u0905\u0905\u0905\u0905\u0905\u0905\u0905\u0905\u0905\u0905\u0905\u0905\u0905\u0905\u0905\u0905\u0905\u0905\u0905\u0905\u0905\u0905\u0905\u0905\u0905\u0905\u0905\u0905\u0905\u0905\u0905\u0905\u0905\u0905\u0905\u0905\u0905\u0905\u0905\u0905\u0905\u0905\u0905\u0905\u0905\u0905\u0905\u0905\u0905\u0905\u0905\u0905\u0905\u0905\u0905\u0905\u0905\u0905\u0905\u0905\u0905\u0905\u0905\u0905\u0905\u0905\u0905\u0905\u0905\u0905\u0905\u0905\u0905\u0905\u0905\u0905\u0905\u0905\u0905\u0905\u0905\u0905\u0905\u0905\u0905\u0905\u0905\u0905\u0905\u0905\u0905\u0905\u0905\u0905\u0905\u0905\u0905\u0905\u0905\u0905\u0905\u0905\u0905\u0905\u0905\u0905\u0905\u0905\u0905\u0905\u0905\u0905\u0905\u0905\u0905\u0905\u0905\u0905\u0905\u0905\u0905\u0905\u0905\u0905\u0905\u0905\u0905\u0905\u0905\u0905\u0905\u0905\u0905\u0905\u0905\u0905\u0905\u0905\u0905\u0905\u0905\u0905\u0905\u0905\u0905\u0905\u0905\u0905\u0905\u0905\u0905\u0905\u0905\u0905\u0905\u0905\u0905\u0905\u0905\u0905\u0905\u0905\u0905\u0905\u0905\u0905\u0905\u0905\u0905\u0905\u0905\u0905\u0905\u0905\u0905\u0905\u0905\u0905\u0905\u0905\u0905\u0905\u0905\u0905\u0905\u0905\u0905\u0905\u0905\u0905\u0905\u0905\u0905\u0905\u0905\u0905\u0905\u0905\u0905\u0905\u0905\u0905\u0905\u0905\u0905\u0905\u0905\u0905\u0905\u0905\u0905\u0905\u0905\u0905\u0905\u0905\u0905\u0905\u0905\u0905\u0905\u0905\u0905\u0905\u0905\u0905\u0905\u0905\u0905\u0905\u0905\u0905\u0905\u0905\u0905\u0905\u0905\u0905\u0905\u0905\u0905\u0905\u0905\u0905\u0905\u0905\u0905\u0905\u0905\u0905\u0905\u0905\u0905\u0905\u0905\u0905\u0905\u0905\u0905\u0905\u0905\u0905\u0905\u0905\u0905\u0905\u0905\u0905\u0905\u0905\u0905\u0905\u0905\u0905\u0905\u0905\u0905\u0905\u0905\u0905\u0905\u0905\u0905\u0905\u0905\u0905\u0905\u0905\u0905\u0905\u0905\u0905\u0905\u0905\u0905\u0905\u0905\u0905\u0905\u0905\u0905\u0905\u0905\u0905\u0905\u0905\u0905\u0905\u0905\u0905\u0905\u0905\u0905\u0905\u0905\u0905\u0905\u0905\u0905\u0905\u0905\u0905\u0905\u0905\u0905\u0905\u0905\u0905\u0905\u0905\u0905\u0905\u0905\u0905\u0905\u0905\u0905\u0905\u0905\u0905\u0905\u0905\u0905\u0905\u0905\u0905\u0905\u0905\u0905\u0905\u0905\u0905\u0905\u0905\u0905\u0905\u0905\u0905\u0905\u0905\u0905\u0905\u0905\u0905\u0905\u0905\u0905\u0905\u0905\u0905\u0905\u0905\u0905\u0905\u0905\u0905\u0905\u0905\u0905\u0905\u0905\u0905\u0905\u0905\u0905\u0905\u0905\u0905\u0905\u0905\u0905\u0905\u0905\u0905\u0905\u0905\u0905\u0905\u0905\u0905\u0905\u0905\u0905\u0905\u0905\u0905\u0905\u0905\u0905\u0905\u0905\u0905\u0905\u0905\u0905\u0905\u0905\u0905\u0905\u0905\u0905\u0905\u0905\u0905\u0905\u0905\u0905\u0905\u0905\u0905\u0905\u0905\u0905\u0905\u0905\u0905\u0905\u0905\u0905\u0905\u0905\u0905\u0905\u0905\u0905\u0905\u0905\u0905\u0905\u0905\u0905\u0905\u0905\u0905\u0905\u0905\u0905\u0905\u0905\u0905\u0905\u0905\u0905\u0905\u0905\u0905\u0905\u0905\u0905\u0905\u0905\u0905\u0905\u0905\u0905\u0905\u0905\u0905\u0905\u0905\u0905\u0905\u0905\u0905\u0905\u0905\u0905\u0905\u0905\u0905\u0905\u0905\u0905\u0905\u0905\u0905\u0905\u0905\u0905\u0905\u0905\u0905\u0905\u0905\u0905\u0905\u0905\u0905\u0905\u0905\u0905\u0905\u0905\u0905\u0905\u0905\u0905\u0905\u0905\u0905\u0905\u0905\u0905\u0905\u0905\u0905\u0905\u0905\u0905\u0905\u0905\u0905\u0905\u0905\u0905\u0905\u0905\u0905\u0905\u0905\u0905\u0905\u0905\u0905\u0905\u0905\u0905\u0905\u0905\u0905\u0905\u0905\u0905\u0905\u0905\u0905\u0905\u0905\u0905\u0905\u0905\u0905\u0905\u0905\u0905\u0905\u0905\u0905\u0905\u0905\u0905\u0905\u0905\u0905\u0905\u0905\u0905\u0905\u0905\u0905\u0905\u0905\u0905\u0905\u0905\u0905\u0905\u0905\u0905\u0905\u0905\u0905\u0905\u0905\u0905\u0905\u0905\u0905\u0905\u0905\u0905\u0905\u0905\u0905\u0905\u0905\u0905\u0905\u0905\u0905\u0905\u0905\u0905\u0905\u0905\u0905\u0905\u0905\u0905\u0905\u0905\u0905\u0905\u0905\u0905\u0905\u0905\u0905\u0905\u0905\u0905\u0905\u0905\u0905\u0905\u0905\u0905\u0905\u0905\u0905\u0905\u0905\u0905\u0905\u0905\u0905\u0905\u0905\u0905\u0905\u0905\u0905\u0905\u0905\u0905\u0905\u0905\u0905\u0905\u0905\u0905\u0905\u0905\u0905\u0905\u0905\u0905\u0905\u0905\u0905\u0905\u0905\u0905\u0905\u0905\u0905\u0905\u0905\u0905\u0905\u0905\u0905\u0905\u0905\u0905\u0905\u0905\u0905\u0905\u0905\u0905\u0905\u0905\u0905\u0905\u0905\u0905\u0905\u0905\u0905\u0905\u0905\u0905\u0905\u0905\u0905\u0905\u0905\u0905\u0905\u0905\u0905\u0905\u0905\u0905\u0905\u0905\u0905\u0905\u0905\u0905\u0905\u0905\u0905\u0905\u0905\u0905\u0905\u0905\u0905\u0905\u0905\u0905\u0905\u0905\u0905\u0905\u0905\u0905\u0905\u0905\u0905\u0905\u0905\u0905\u0905\u0905\u0905\u0905\u0905\u0905\u0905\u0905\u0905\u0905\u0905\u0905\u0905\u0905\u0905\u0905\u0905\u0905\u0905\u0905\u0905\u0905\u0905\u0905\u0905\u0905\u0905\u0905\u0905\u0905\u0905\u0905\u0905\u0905\u0905\u0905\u0905\u0905\u0905\u0905\u0905\u0905\u0905\u0905\u0905\u0905\u0905\u0905\u0905\u0905\u0905\u0905\u0905\u0905\u0905\u0905\u0905\u0905\u0905\u0905\u0905\u0905\u0905\u0905\u0905\u0905\u0905\u0905\u0905\u0905\u0905\u0905\u0905\u0905\u0905\u0905\u0905\u0905\u0905\u0905\u0905\u0905\u0905\u0905\u0905\u0905\u0905\u0905\u0905\u0905\u0905\u0905\u0905\u0905\u0905\u0905\u0905\u0905\u0905\u0905\u0905\u0905\u0905\u0905\u0905\u0905\u0905\u0905\u0905\u0905\u0905\u0905\u0905\u0905\u0905\u0905\u0905\u0905\u0905\u0905\u0905\u0905\u0905\u0905\u0905\u0905\u0905\u0905\u0905\u0905\u0905\u0905\u0905\u0905\u0905\u0905\u0905\u0905\u0905\u0905\u0905\u0905\u0905\u0905\u0905\u0905\u0905\u0905\u0905\u0905\u0905\u0905\u0905\u0905\u0905\u0905\u0905\u0905\u0905\u0905\u0905\u0905\u0905\u0905\u0905\u0905\u0905\u0905\u0905\u0905\u0905\u0905\u0905\u0905\u0905\u0905\u0905\u0905\u0905\u0905\u0905\u0905\u0905\u0905\u0905\u0905\u0905\u0905\u0905\u0905\u0905\u0905\u0905\u0905\u0905\u0905\u0905\u0905\u0905\u0905\u0905\u0905\u0905\u0905\u0905\u0905\u0905\u0905\u0905\u0905\u0905\u0905\u0905\u0905\u0905\u0905\u0905\u0905\u0905\u0905\u0905\u0905\u0905\u0905\u0905\u0905\u0905\u0905\u0905\u0905\u0905\u0905\u0905\u0905\u0905\u0905\u0905\u0905\u0905\u0905\u0905\u0905\u0905\u0905\u0905\u0905\u0905\u0905\u0905\u0905\u0905\u0905\u0905\u0905\u0905\u0905\u0905\u0905\u0905\u0905\u0905\u0905\u0905\u0905\u0905\u0905\u0905\u0905\u0905\u0905\u0905\u0905\u0905\u0905\u0905\u0905\u0905\u0905\u0905\u0905\u0905\u0905\u0905\u0905\u0905\u0905\u0905\u0905\u0905\u0905\u0905\u0905\u0905\u0905\u0905\u0905\u0905\u0905\u0905\u0905\u0905\u0905\u0905\u0905\u0905\u0905\u0905\u0905\u0905\u0905\u0905\u0905\u0905\u0905\u0905\u0905\u0905\u0905\u0905\u0905\u0905\u0905\u0905\u0905\u0905\u0905\u0905\u0905\u0905\u0905\u0905\u0905\u0905\u0905\u0905\u0905\u0905\u0905\u0905\u0905\u0905\u0905\u0905\u0905\u0905\u0905\u0905\u0905\u0905\u0905\u0905\u0905\u0905\u0905\u0905\u0905\u0905\u0905\u0905\u0905\u0905\u0905\u0905\u0905\u0905\u0905\u0905\u0905\u0905\u0905\u0905\u0905\u0905\u0905\u0905\u0905\u0905\u0905\u0905\u0905\u0905\u0905\u0905\u0905\u0905\u0905\u0905\u0905\u0905\u0905\u0905\u0905\u0905\u0905\u0905\u0905\u0905\u0905\u0905\u0905\u0905\u0905\u0905\u0905\u0905\u0905\u0905\u0905\u0905\u0905\u0905\u0905\u0905\u0905\u0905\u0905\u0905\u0905\u0905\u0905\u0905\u0905\u0905\u0905\u0905\u0905\u0905\u0905\u0905\u0905\u0905\u0905\u0905\u0905\u0905\u0905\u0905\u0905\u0905\u0905\u0905\u0905\u0905\u0905\u0905\u0905\u0905\u0905\u0905\u0905\u0905\u0905\u0905\u0905\u0905\u0905\u0905\u0905\u0905\u0905\u0905\u0905\u0905\u0905\u0905\u0905\u0905\u0905\u0905\u0905\u0905\u0905\u0905\u0905\u0905\u0905\u0905\u0905\u0905\u0905\u0905\u0905\u0905\u0905\u0905\u0905\u0905\u0905\u0905\u0905\u0905\u0905\u0905\u0905\u0905\u0905\u0905\u0905\u0905\u0905\u0905\u0905\u0905\u0905\u0905\u0905\u0905\u0905\u0905\u0905\u0905\u0905\u0905\u0905\u0905\u0905\u0905\u0905\u0905\u0905\u0905\u0905\u0905\u0905\u0905\u0905\u0905\u0905\u0905\u0905\u0905\u0905\u0905\u0905\u0905\u0905\u0905\u0905\u0905\u0905\u0905\u0905\u0905\u0905\u0905\u0905\u0905\u0905\u0905\u0905\u0905\u0905\u0905\u0905\u0905\u0905\u0905\u0905\u0905\u0905\u0905\u0905\u0905\u0905\u0905\u0905\u0905\u0905\u0905\u0905\u0905\u0905\u0905\u0905\u0905\u0905\u0905\u0905\u0905\u0905\u0905\u0905\u0905\u0905\u0905\u0905\u0905\u0905\u0905\u0905\u0905\u0905\u0905\u0905\u0905\u0905\u0905\u0905\u0905\u0905\u0905\u0905\u0905\u0905\u0905\u0905\u0905\u0905\u0905\u0905\u0905\u0905\u0905\u0905\u0905\u0905\u0905\u0905\u0905\u0905\u0905\u0905\u0905\u0905\u0905\u0905\u0905\u0905\u0905\u0905\u0905\u0905\u0905\u0905\u0905\u0905\u0905\u0905\u0905\u0905\u0905\u0905\u0905\u0905\u0905\u0905\u0905\u0905\u0905\u0905\u0905\u0905\u0905\u0905\u0905\u0905\u0905\u0905\u0905\u0905\u0905\u0905\u0905\u0905\u0905\u0905\u0905\u0905\u0905\u0905\u0905\u0905\u0905\u0905\u0905\u0905\u0905\u0905\u0905\u0905\u0905\u0905\u0905\u0905\u0905\u0905\u0905\u0905\u0905\u0905\u0905\u0905\u0905\u0905\u0905\u0905\u0905\u0905\u0905\u0905\u0905\u0905\u0905\u0905\u0905\u0905\u0905\u0905\u0905\u0905\u0905\u0905\u0905\u0905\u0905\u0905\u0905\u0905\u0905\u0905\u0905\u0905\u0905\u0905\u0905\u0905\u0905\u0905\u0905\u0905\u0905\u0905\u0905\u0905\u0905\u0905\u0905\u0905\u0905\u0905\u0905\u0905\u0905\u0905\u0905\u0905\u0905\u0905\u0905\u0905\u0905\u0905\u0905\u0905\u0905\u0905\u0905\u0905\u0905\u0905\u0905\u0905\u0905\u0905\u0905\u0905\u0905\u0905\u0905\u0905\u0905\u0905\u0905\u0905\u0905\u0905\u0905\u0905\u0905\u0905\u0905\u0905\u0905\u0905\u0905\u0905\u0905\u0905\u0905\u0905\u0905\u0905\u0905\u0905\u0905\u0905\u0905\u0905\u0905\u0905\u0905\u0905\u0905\u0905\u0905\u0905\u0905\u0905\u0905\u0905\u0905\u0905\u0905\u0905\u0905\u0905\u0905\u0905\u0905\u0905\u0905\u0905\u0905\u0905\u0905\u0905\u0905\u0905\u0905\u0905\u0905\u0905\u0905\u0905\u0905\u0905\u0905\u0905\u0905\u0905\u0905\u0905\u0905\u0905\u0905\u0905\u0905\u0905\u0905\u0905\u0905\u0905\u0905\u0905\u0905\u0905\u0905\u0905\u0905\u0905\u0905\u0905\u0905\u0905\u0905\u0905\u0905\u0905\u0905\u0905\u0905\u0905\u0905\u0905\u0905\u0905\u0905\u0905\u0905\u0905\u0905\u0905\u0905\u0905\u0905\u0905\u0905\u0905\u0905\u0905\u0905\u0905\u0905\u0905\u0905\u0905\u0905\u0905\u0905\u0905\u0905\u0905\u0905\u0905\u0905\u0905\u0905\u0905\u0905\u0905\u0905\u0905\u0905\u0905\u0905\u0905\u0905\u0905\u0905\u0905\u0905\u0905\u0905\u0905\u0905\u0905\u0905\u0905\u0905\u0905\u0905\u0905\u0905\u0905\u0905\u0905\u0905\u0905\u0905\u0905\u0905\u0905\u0905\u0905\u0905\u0905\u0905\u0905\u0905\u0905\u0905\u0905\u0905\u0905\u0905\u0905\u0905\u0905\u0905\u0905\u0905\u0905\u0905\u0905\u0905\u0905\u0905\u0905\u0905\u0905\u0905\u0905\u0905\u0905\u0905\u0905\u0905\u0905\u0905\u0905\u0905\u0905\u0905\u0905\u0905\u0905\u0905\u0905\u0905\u0905\u0905\u0905\u0905\u0905\u0905\u0905\u0905\u0905\u0905\u0905\u0905\u0905\u0905\u0905\u0905\u0905\u0905\u0905\u0905\u0905\u0905\u0905\u0905\u0905\u0905\u0905\u0905\u0905\u0905\u0905\u0905\u0905\u0905\u0905\u0905\u0905\u0905\u0905\u0905\u0905\u0905\u0905\u0905\u0905\u0905\u0905\u0905\u0905\u0905\u0905\u0905\u0905\u0905\u0905\u0905\u0905\u0905\u0905\u0905\u0905\u0905\u0905\u0905\u0905\u0905\u0905\u0905\u0905\u0905\u0905\u0905\u0905\u0905\u0905\u0905\u0905\u0905\u0905\u0905\u0905\u0905\u0905\u0905\u0905\u0905\u0905\u0905\u0905\u0905\u0905\u0905\u0905\u0905\u0905\u0905\u0905\u0905\u0905\u0905\u0905\u0905\u0905\u0905\u0905\u0905\u0905\u0905\u0905\u0905\u0905\u0905\u0905\u0905\u0905\u0905\u0905\u0905\u0905\u0905\u0905\u0905\u0905\u0905\u0905\u0905\u0905\u0905\u0905\u0905\u0905\u0905\u0905\u0905\u0905\u0905\u0905\u0905\u0905\u0905\u0905\u0905\u0905\u0905\u0905\u0905\u0905\u0905\u0905\u0905\u0905\u0905\u0905\u0905\u0905\u0905\u0905\u0905\u0905\u0905\u0905\u0905\u0905\u0905\u0905\u0905\u0905\u0905\u0905\u0905\u0905\u0905\u0905\u0905\u0905\u0905\u0905\u0905\u0905\u0905\u0905\u0905\u0905\u0905\u0905\u0905\u0905\u0905\u0905\u0905\u0905\u0905\u0905\u0905\u0905\u0905\u0905\u0905\u0905\u0905\u0905\u0905\u0905\u0905\u0905\u0905\u0905\u0905\u0905\u0905\u0905\u0905\u0905\u0905\u0905\u0905\u0905\u0905\u0905\u0905\u0905\u0905\u0905\u0905\u0905\u0905\u0905\u0905\u0905\u0905\u0905\u0905\u0905\u0905\u0905\u0905\u0905\u0905\u0905\u0905\u0905\u0905\u0905\u0905\u0905\u0905\u0905\u0905\u0905\u0905\u0905\u0905\u0905\u0905\u0905\u0905\u0905\u0905\u0905\u0905\u0905\u0905\u0905\u0905\u0905\u0905\u0905\u0905\u0905\u0905\u0905\u0905\u0905\u0905\u0905\u0905\u0905\u0905\u0905\u0905\u0905\u0905\u0905\u0905\u0905\u0905\u0905\u0905\u0905\u0905\u0905\u0905\u0905\u0905\u0905\u0905\u0905\u0905\u0905\u0905\u0905\u0905\u0905\u0905\u0905\u0905\u0905\u0905\u0905\u0905\u0905\u0905\u0905\u0905\u0905\u0905\u0905\u0905\u0905\u0905\u0905\u0905\u0905\u0905\u0905\u0905\u0905\u0905\u0905\u0905\u0905\u0905\u0905\u0905\u0905\u0905\u0905\u0905\u0905\u0905\u0905\u0905\u0905\u0905\u0905\u0905\u0905\u0905\u0905\u0905\u0905\u0905\u0905\u0905\u0905\u0905\u0905\u0905\u0905\u0905\u0905\u0905\u0905\u0905\u0905\u0905\u0905\u0905\u0905\u0905\u0905\u0905\u0905\u0905\u0905\u0905\u0905\u0905\u0905\u0905\u0905\u0905\u0905\u0905\u0905\u0905\u0905\u0905\u0905\u0905\u0905\u0905\u0905\u0905\u0905\u0905\u0905\u0905\u0905\u0905\u0905\u0905\u0905\u0905\u0905\u0905\u0905\u0905\u0905\u0905\u0905\u0905\u0905\u0905\u0905\u0905\u0905\u0905\u0905\u0905\u0905\u0905\u0905\u0905\u0905\u0905\u0905\u0905\u0905\u0905\u0905\u0905\u0905\u0905\u0905\u0905\u0905\u0905\u0905\u0905\u0905\u0905\u0905\u0905\u0905\u0905\u0905\u0905\u0905\u0905\u0905\u0905\u0905\u0905\u0905\u0905\u0905\u0905\u0905\u0905\u0905\u0905\u0905\u0905\u0905\u0905\u0905\u0905\u0905\u0905\u0905\u0905\u0905\u0905\u0905\u0905\u0905\u0905\u0905\u0905\u0905\u0905\u0905\u0905\u0905\u0905\u0905\u0905\u0905\u0905\u0905\u0905\u0905\u0905\u0905\u0905\u0905\u0905\u0905\u0905\u0905\u0905\u0905\u0905\u0905\u0905\u0905\u0905\u0905\u0905\u0905\u0905\u0905\u0905\u0905\u0905\u0905\u0905\u0905\u0905\u0905\u0905\u0905\u0905\u0905\u0905\u0905\u0905\u0905\u0905\u0905\u0905\u0905\u0905\u0905\u0905\u0905\u0905\u0905\u0905\u0905\u0905\u0905\u0905\u0905\u0905\u0905\u0905\u0905\u0905\u0905\u0905\u0905\u0905\u0905\u0905\u0905\u0905\u0905\u0905\u0905\u0905\u0905\u0905\u0905\u0905\u0905\u0905\u0905\u0905\u0905\u0905\u0905\u0905\u0905\u0905\u0905\u0905\u0905\u0905\u0905\u0905\u0905\u0905\u0905\u0905\u0905\u0905\u0905\u0905\u0905\u0905\u0905\u0905\u0905\u0905\u0905\u0905\u0905\u0905\u0905\u0905\u0905\u0905\u0905\u0905\u0905\u0905\u0905\u0905\u0905\u0905\u0905\u0905\u0905\u0905\u0905\u0905\u0905\u0905\u0905\u0905\u0905\u0905\u0905\u0905\u0905\u0905\u0905\u0905\u0905\u0905\u0905\u0905\u0905\u0905\u0905\u0905\u0905\u0905\u0905\u0905\u0905\u0905\u0905\u0905\u0905\u0905\u0905\u0905\u0905\u0905\u0905\u0905\u0905\u0905\u0905\u0905\u0905\u0905\u0905\u0905\u0905\u0905\u0905\u0905\u0905\u0905\u0905\u0905\u0905\u0905\u0905\u0905\u0905\u0905\u0905\u0905\u0905\u0905\u0905\u0905\u0905\u0905\u0905\u0905\u0905\u0905\u0905\u0905\u0905\u0905\u0905\u0905\u0905\u0905\u0905\u0905\u0905\u0905\u0905\u0905\u0905\u0905\u0905\u0905\u0905\u0905\u0905\u0905\u0905\u0905\u0905\u0905\u0905\u0905\u0905\u0905\u0905\u0905\u0905\u0905\u0905\u0905\u0905\u0905\u0905\u0905\u0905\u0905\u0905\u0905\u0905\u0905\u0905\u0905\u0905\u0905\u0905\u0905\u0905\u0905\u0905\u0905\u0905\u0905\u0905\u0905\u0905\u0905\u0905\u0905\u0905\u0905\u0905\u0905\u0905\u0905\u0905\u0905\u0905\u0905\u0905\u0905\u0905\u0905\u0905\u0905\u0905\u0905\u0905\u0905\u0905\u0905\u0905\u0905\u0905\u0905\u0905\u0905\u0905\u0905\u0905\u0905\u0905\u0905\u0905\u0905\u0905\u0905\u0905\u0905\u0905\u0905\u0905\u0905\u0905\u0905\u0905\u0905\u0905\u0905\u0905\u0905\u0905\u0905\u0905\u0905\u0905\u0905\u0905\u0905\u0905\u0905\u0905\u0905\u0905\u0905\u0905\u0905\u0905\u0905\u0905\u0905\u0905\u0905\u0905\u0905\u0905\u0905\u0905\u0905\u0905\u0905\u0905\u0905\u0905\u0905\u0905\u0905\u0905\u0905\u0905\u0905\u0905\u0905\u0905\u0905\u0905\u0905\u0905\u0905\u0905\u0905\u0905\u0905\u0905\u0905\u0905\u0905\u0905\u0905\u0905\u0905\u0905\u0905\u0905\u0905\u0905\u0905\u0905\u0905\u0905\u0905\u0905\u0905\u0905\u0905\u0905\u0905\u0905\u0905\u0905\u0905\u0905\u0905\u0905\u0905\u0905\u0905\u0905\u0905\u0905\u0905\u0905\u0905\u0905\u0905\u0905\u0905\u0905\u0905\u0905\u0905\u0905\u0905\u0905\u0905\u0905\u0905\u0905\u0905\u0905\u0905\u0905\u0905\u0905\u0905\u0905\u0905\u0905\u0905\u0905\u0905\u0905\u0905\u0905\u0905\u0905\u0905\u0905\u0905\u0905\u0905\u0905\u0905\u0905\u0905\u0905\u0905\u0905\u0905\u0905\u0905\u0905\u0905\u0905\u0905\u0905\u0905\u0905\u0905\u0905\u0905\u0905\u0905\u0905\u0905\u0905\u0905\u0905\u0905\u0905\u0905\u0905\u0905\u0905\u0905\u0905\u0905\u0905\u0905\u0905\u0905\u0905\u0905\u0905\u0905\u0905\u0905\u0905\u0905\u0905\u0905\u0905\u0905\u0905\u0905\u0905\u0905\u0905\u0905\u0905\u0905\u0905\u0905\u0905\u0905\u0905\u0905\u0905\u0905\u0905\u0905\u0905\u0905\u0905\u0905\u0905\u0905\u0905\u0905\u0905\u0905\u0905\u0905\u0905\u0905\u0905\u0905\u0905\u0905\u0905\u0905\u0905\u0905\u0905\u0905\u0905\u0905\u0905\u0905\u0905\u0905\u0905\u0905\u0905\u0905\u0905\u0905\u0905\u0905\u0905\u0905\u0905\u0905\u0905\u0905\u0905\u0905\u0905\u0905\u0905\u0905\u0905\u0905\u0905\u0905\u0905\u0905\u0905\u0905\u0905\u0905\u0905\u0905\u0905\u0905\u0905\u0905\u0905\u0905\u0905\u0905\u0905\u0905\u0905\u0905\u0905\u0905\u0905\u0905\u0905\u0905\u0905\u0905\u0905\u0905\u0905\u0905\u0905\u0905\u0905\u0905\u0905\u0905\u0905\u0905\u0905\u0905\u0905\u0905\u0905\u0905\u0905\u0905\u0905\u0905\u0905\u0905\u0905\u0905\u0905\u0905\u0905\u0905\u0905\u0905\u0905\u0905\u0905\u0905\u0905\u0905\u0905\u0905\u0905\u0905\u0905\u0905\u0905\u0905\u0905\u0905\u0905\u0905\u0905\u0905\u0905\u0905\u0905\u0905\u0905\u0905\u0905\u0905\u0905\u0905\u0905\u0905\u0905\u0905\u0905\u0905\u0905\u0905\u0905\u0905\u0905\u0905\u0905\u0905\u0905\u0905\u0905\u0905\u0905\u0905\u0905\u0905\u0905\u0905\u0905\u0905\u0905\u0905\u0905\u0905\u0905\u0905\u0905\u0905\u0905\u0905\u0905\u0905\u0905\u0905\u0905\u0905\u0905\u0905\u0905\u0905\u0905\u0905\u0905\u0905\u0905\u0905\u0905\u0905\u0905\u0905\u0905\u0905\u0905\u0905\u0905\u0905\u0905\u0905\u0905\u0905\u0905\u0905\u0905\u0905\u0905\u0905\u0905\u0905\u0905\u0905\u0905\u0905\u0905\u0905\u0905\u0905\u0905\u0905\u0905\u0905\u0905\u0905\u0905\u0905\u0905\u0905\u0905\u0905\u0905\u0905\u0905\u0905\u0905\u0905\u0905\u0905\u0905\u0905\u0905\u0905\u0905\u0905\u0905\u0905\u0905\u0905\u0905\u0905\u0905\u0905\u0905\u0905\u0905\u0905\u0905\u0905\u0905\u0905\u0905\u0905\u0905\u0905\u0905\u0905\u0905\u0905\u0905\u0905\u0905\u0905\u0905\u0905\u0905\u0905\u0905\u0905\u0905\u0905\u0905\u0905\u0905\u0905\u0905\u0905\u0905\u0905\u0905\u0905\u0905\u0905\u0905\u0905\u0905\u0905\u0905\u0905\u0905\u0905\u0905\u0905\u0905\u0905\u0905\u0905\u0905\u0905\u0905\u0905\u0905\u0905\u0905\u0905\u0905\u0905\u0905\u0905\u0905\u0905\u0905\u0905\u0905\u0905\u0905\u0905\u0905\u0905\u0905\u0905\u0905\u0905\u0905\u0905\u0905\u0905\u0905\u0905\u0905\u0905\u0905\u0905\u0905\u0905\u0905\u0905\u0905\u0905\u0905\u0905\u0905\u0905\u0905\u0905\u0905\u0905\u0905\u0905\u0905\u0905\u0905\u0905\u0905\u0905\u0905\u0905\u0905\u0905\u0905\u0905\u0905\u0905\u0905\u0905\u0905\u0905\u0905\u0905\u0905\u0905\u0905\u0905\u0905\u0905\u0905\u0905\u0905\u0905\u0905\u0905\u0905\u0905\u0905\u0905\u0905\u0905\u0905\u0905\u0905\u0905\u0905\u0905\u0905\u0905\u0905\u0905\u0905\u0905\u0905\u0905\u0905\u0905\u0905\u0905\u0905\u0905\u0905\u0905\u0905\u0905\u0905\u0905\u0905\u0905\u0905\u0905\u0905\u0905\u0905\u0905\u0905\u0905\u0905\u0905\u0905\u0905\u0905\u0905\u0905\u0905\u0905\u0905\u0905\u0905\u0905\u0905\u0905\u0905\u0905\u0905\u0905\u0905\u0905\u0905\u0905\u0905\u0905\u0905\u0905\u0905\u0905\u0905\u0905\u0905\u0905\u0905\u0905\u0905\u0905\u0905\u0905\u0905\u0905\u0905\u0905\u0905\u0905\u0905\u0905\u0905\u0905\u0905\u0905\u0905\u0905\u0905\u0905\u0905\u0905\u0905\u0905\u0905\u0905\u0905\u0905\u0905\u0905\u0905\u0905\u0905\u0905\u0905\u0905\u0905\u0905\u0905\u0905\u0905\u0905\u0905\u0905\u0905\u0905\u0905\u0905\u0905\u0905\u0905\u0905\u0905\u0905\u0905\u0905\u0905\u0905\u0905\u0905\u0905\u0905\u0905\u0905\u0905\u0905\u0905\u0905\u0905\u0905\u0905\u0905\u0905\u0905\u0905\u0905\u0905\u0905\u0905\u0905\u0905\u0905\u0905\u0905\u0905\u0905\u0905\u0905\u0905\u0905\u0905\u0905\u0905\u0905\u0905\u0905\u0905\u0905\u0905\u0905\u0905\u0905\u0905\u0905\u0905\u0905\u0905\u0905\u0905\u0905\u0905\u0905\u0905\u0905\u0905\u0905\u0905\u0905\u0905\u0905\u0905\u0905\u0905\u0905\u0905\u0905\u0905\u0905\u0905\u0905\u0905\u0905\u0905\u0905\u0905\u0905\u0905\u0905\u0905\u0905\u0905\u0905\u0905\u0905\u0905\u0905\u0905\u0905\u0905\u0905\u0905\u0905\u0905\u0905\u0905\u0905\u0905\u0905\u0905\u0905\u0905\u0905\u0905\u0905\u0905\u0905\u0905\u0905\u0905\u0905\u0905\u0905\u0905\u0905\u0905\u0905\u0905\u0905\u0905\u0905\u0905\u0905\u0905\u0905\u0905\u0905\u0905\u0905\u0905\u0905\u0905\u0905\u0905\u0905\u0905\u0905\u0905\u0905\u0905\u0905\u0905\u0905\u0905\u0905\u0905\u0905\u0905\u0905\u0905\u0905\u0905\u0905\u0905\u0905\u0905\u0905\u0905\u0905\u0905\u0905\u0905\u0905\u0905\u0905\u0905\u0905\u0905\u0905\u0905\u0905\u0905\u0905\u0905\u0905\u0905\u0905\u0905\u0905\u0905\u0905\u0905\u0905\u0905\u0905\u0905\u0905\u0905\u0905\u0905\u0905\u0905\u0905\u0905\u0905\u0905\u0905\u0905\u0905\u0905\u0905\u0905\u0905\u0905\u0905\u0905\u0905\u0905\u0905\u0905\u0905\u0905\u0905\u0905\u0905\u0905\u0905\u0905\u0905\u0905\u0905\u0905\u0905\u0905\u0905\u0905\u0905\u0905\u0905\u0905\u0905\u0905\u0905\u0905\u0905\u0905\u0905\u0905\u0905\u0905\u0905\u0905\u0905\u0905\u0905\u0905\u0905\u0905\u0905\u0905\u0905\u0905\u0905\u0905\u0905\u0905\u0905\u0905\u0905\u0905\u0905\u0905\u0905\u0905\u0905\u0905\u0905\u0905\u0905\u0905\u0905\u0905\u0905\u0905\u0905\u0905\u0905\u0905\u0905\u0905\u0905\u0905\u0905\u0905\u0905\u0905\u0905\u0905\u0905\u0905\u0905\u0905\u0905\u0905\u0905\u0905\u0905\u0905\u0905\u0905\u0905\u0905\u0905\u0905\u0905\u0905\u0905\u0905\u0905\u0905\u0905\u0905\u0905\u0905\u0905\u0905\u0905\u0905\u0905\u0905\u0905\u0905\u0905\u0905\u0905\u0905\u0905\u0905\u0905\u0905\u0905\u0905\u0905\u0905\u0905\u0905\u0905\u0905\u0905\u0905\u0905\u0905\u0905\u0905\u0905\u0905\u0905\u0905\u0905\u0905\u0905\u0905\u0905\u0905\u0905\u0905\u0905\u0905\u0905\u0905\u0905\u0905\u0905\u0905\u0905\u0905\u0905\u0905\u0905\u0905\u0905\u0905\u0905\u0905\u0905\u0905\u0905\u0905\u0905\u0905\u0905\u0905\u0905\u0905\u0905\u0905\u0905\u0905\u0905\u0905\u0905\u0905\u0905\u0905\u0905\u0905\u0905\u0905\u0905\u0905\u0905\u0905\u0905\u0905\u0905\u0905\u0905\u0905\u0905\u0905\u0905\u0905\u0905\u0905\u0905\u0905\u0905\u0905\u0905\u0905\u0905\u0905\u0905\u0905\u0905\u0905\u0905\u0905\u0905\u0905\u0905\u0905\u0905\u0905\u0905\u0905\u0905\u0905\u0905\u0905\u0905\u0905\u0905\u0905\u0905\u0905\u0905\u0905\u0905\u0905\u0905\u0905\u0905\u0905\u0905\u0905\u0905\u0905\u0905\u0905\u0905\u0905\u0905\u0905\u0905\u0905\u0905\u0905\u0905\u0905\u0905\u0905\u0905\u0905\u0905\u0905\u0905\u0905\u0905\u0905\u0905\u0905\u0905\u0905\u0905\u0905\u0905\u0905\u0905\u0905\u0905\u0905\u0905\u0905\u0905\u0905\u0905\u0905\u0905\u0905\u0905\u0905\u0905\u0905\u0905\u0905\u0905\u0905\u0905\u0905\u0905\u0905\u0905\u0905\u0905\u0905\u0905\u0905\u0905\u0905\u0905\u0905\u0905\u0905\u0905\u0905\u0905\u0905\u0905\u0905\u0905\u0905\u0905\u0905\u0905\u0905\u0905\u0905\u0905\u0905\u0905\u0905\u0905\u0905\u0905\u0905\u0905\u0905\u0905\u0905\u0905\u0905\u0905\u0905\u0905\u0905\u0905\u0905\u0905\u0905\u0905\u0905\u0905\u0905\u0905\u0905\u0905\u0905\u0905\u0905\u0905\u0905\u0905\u0905\u0905\u0905\u0905\u0905\u0905\u0905\u0905\u0905\u0905\u0905\u0905\u0905\u0905\u0905\u0905\u0905\u0905\u0905\u0905\u0905\u0905\u0905\u0905\u0905\u0905\u0905\u0905\u0905\u0905\u0905\u0905\u0905\u0905\u0905\u0905\u0905\u0905\u0905\u0905\u0905\u0905\u0905\u0905\u0905\u0905\u0905\u0905\u0905\u0905\u0905\u0905\u0905\u0905\u0905\u0905\u0905\u0905\u0905\u0905\u0905\u0905\u0905\u0905\u0905\u0905\u0905\u0905\u0905\u0905\u0905\u0905\u0905\u0905\u0905\u0905\u0905\u0905\u0905\u0905\u0905\u0905\u0905\u0905\u0905\u0905\u0905\u0905\u0905\u0905\u0905\u0905\u0905\u0905\u0905\u0905\u0905\u0905\u0905\u0905\u0905\u0905\u0905\u0905\u0905\u0905\u0905\u0905\u0905\u0905\u0905\u0905\u0905\u0905\u0905\u0905\u0905\u0905\u0905\u0905\u0905\u0905\u0905\u0905\u0905\u0905\u0905\u0905\u0905\u0905\u0905\u0905\u0905\u0905\u0905\u0905\u0905\u0905\u0905\u0905\u0905\u0905\u0905\u0905\u0905\u0905\u0905\u0905\u0905\u0905\u0905\u0905\u0905\u0905\u0905\u0905\u0905\u0905\u0905\u0905\u0905\u0905\u0905\u0905\u0905\u0905\u0905\u0905\u0905\u0905\u0905\u0905\u0905\u0905\u0905\u0905\u0905\u0905\u0905\u0905\u0905\u0905\u0905\u0905\u0905\u0905\u0905\u0905\u0905\u0905\u0905\u0905\u0905\u0905\u0905\u0905\u0905\u0905\u0905\u0905\u0905\u0905\u0905\u0905\u0905\u0905\u0905\u0905\u0905\u0905\u0905\u0905\u0905\u0905\u0905\u0905\u0905\u0905\u0905\u0905\u0905\u0905\u0905\u0905\u0905\u0905\u0905\u0905\u0905\u0905\u0905\u0905\u0905\u0905\u0905\u0905\u0905\u0905\u0905\u0905\u0905\u0905\u0905\u0905\u0905\u0905\u0905\u0905\u0905\u0905\u0905\u0905\u0905\u0905\u0905\u0905\u0905\u0905\u0905\u0905\u0905\u0905\u0905\u0905\u0905\u0905\u0905\u0905\u0905\u0905\u0905\u0905\u0905\u0905\u0905\u0905\u0905\u0905\u0905\u0905\u0905\u0905\u0905\u0905\u0905\u0905\u0905\u0905\u0905\u0905\u0905\u0905\u0905\u0905\u0905\u0905\u0905\u0905\u0905\u0905\u0905\u0905\u0905\u0905\u0905\u0905\u0905\u0905\u0905\u0905\u0905\u0905\u0905\u0905\u0905\u0905\u0905\u0905\u0905\u0905\u0905\u0905\u0905\u0905\u0905\u0905\u0905\u0905\u0905\u0905\u0905\u0905\u0905\u0905\u0905\u0905\u0905\u0905\u0905\u0905\u0905\u0905\u0905\u0905\u0905\u0905\u0905\u0905\u0905\u0905\u0905\u0905\u0905\u0905\u0905\u0905\u0905\u0905\u0905\u0905\u0905\u0905\u0905\u0905\u0905\u0905\u0905\u0905\u0905\u0905\u0905\u0905\u0905\u0905\u0905\u0905\u0905\u0905\u0905\u0905\u0905\u0905\u0905\u0905\u0905\u0905\u0905\u0905\u0905\u0905\u0905\u0905\u0905\u0905\u0905\u0905\u0905\u0905\u0905\u0905\u0905\u0905\u0905\u0905\u0905\u0905\u0905\u0905\u0905\u0905\u0905\u0905\u0905\u0905\u0905\u0905\u0905\u0905\u0905\u0905\u0905\u0905\u0905\u0905\u0905\u0905\u0905\u0905\u0905\u0905\u0905\u0905\u0905\u0905\u0905\u0905\u0905\u0905\u0905\u0905\u0905\u0905\u0905\u0905\u0905\u0905\u0905\u0905\u0905\u0905\u0905\u0905\u0905\u0905\u0905\u0905\u0905\u0905\u0905\u0905\u0905\u0905\u0905\u0905\u0905\u0905\u0905\u0905\u0905\u0905\u0905\u0905\u0905\u0905\u0905\u0905\u0905\u0905\u0905\u0905\u0905\u0905\u0905\u0905\u0905\u0905\u0905\u0905\u0905\u0905\u0905\u0905\u0905\u0905\u0905\u0905\u0905\u0905\u0905\u0905\u0905\u0905\u0905\u0905\u0905\u0905\u0905\u0905\u0905\u0905\u0905\u0905\u0905\u0905\u0905\u0905\u0905\u0905\u0905\u0905\u0905\u0905\u0905\u0905\u0905\u0905\u0905\u0905\u0905\u0905\u0905\u0905\u0905\u0905\u0905\u0905\u0905\u0905\u0905\u0905\u0905\u0905\u0905\u0905\u0905\u0905\u0905\u0905\u0905\u0905\u0905\u0905\u0905\u0905\u0905\u0905\u0905\u0905\u0905\u0905\u0905\u0905\u0905\u0905\u0905\u0905\u0905\u0905\u0905\u0905\u0905\u0905\u0905\u0905\u0905\u0905\u0905\u0905\u0905\u0905\u0905\u0905\u0905\u0905\u0905\u0905\u0905\u0905\u0905\u0905\u0905\u0905\u0905\u0905\u0905\u0905\u0905\u0905\u0905\u0905\u0905\u0905\u0905\u0905\u0905\u0905\u0905\u0905\u0905\u0905\u0905\u0905\u0905\u0905\u0905\u0905\u0905\u0905\u0905\u0905\u0905\u0905\u0905\u0905\u0905\u0905\u0905\u0905\u0905\u0905\u0905\u0905\u0905\u0905\u0905\u0905\u0905\u0905\u0905\u0905\u0905\u0905\u0905\u0905\u0905\u0905\u0905\u0905\u0905\u0905\u0905\u0905\u0905\u0905\u0905\u0905\u0905\u0905\u0905\u0905\u0905\u0905\u0905\u0905\u0905\u0905\u0905\u0905\u0905\u0905\u0905\u0905\u0905\u0905\u0905\u0905\u0905\u0905\u0905\u0905\u0905\u0905\u0905\u0905\u0905\u0905\u0905\u0905\u0905\u0905\u0905\u0905\u0905\u0905\u0905\u0905\u0905\u0905\u0905\u0905\u0905\u0905\u0905\u0905\u0905\u0905\u0905\u0905\u0905\u0905\u0905\u0905\u0905\u0905\u0905\u0905\u0905\u0905\u0905\u0905\u0905\u0905\u0905\u0905\u0905\u0905\u0905\u0905\u0905\u0905\u0905\u0905\u0905\u0905\u0905\u0905\u0905\u0905\u0905\u0905\u0905\u0905\u0905\u0905\u0905\u0905\u0905\u0905\u0905\u0905\u0905\u0905\u0905\u0905\u0905\u0905\u0905\u0905\u0905\u0905\u0905\u0905\u0905\u0905\u0905\u0905\u0905\u0905\u0905\u0905\u0905\u0905\u0905\u0905\u0905\u0905\u0905\u0905\u0905\u0905\u0905\u0905\u0905\u0905\u0905\u0905\u0905\u0905\u0905\u0905\u0905\u0905\u0905\u0905\u0905\u0905\u0905\u0905\u0905\u0905\u0905\u0905\u0905\u0905\u0905\u0905\u0905\u0905\u0905\u0905\u0905\u0905\u0905\u0905\u0905\u0905\u0905\u0905\u0905\u0905\u0905\u0905\u0905\u0905\u0905\u0905\u0905\u0905\u0905\u0905\u0905\u0905\u0905\u0905\u0905\u0905\u0905\u0905\u0905\u0905\u0905\u0905\u0905\u0905\u0905\u0905\u0905\u0905\u0905\u0905\u0905\u0905\u0905\u0905\u0905\u0905\u0905\u0905\u0905\u0905\u0905\u0905\u0905\u0905\u0905\u0905\u0905\u0905\u0905\u0905\u0905\u0905\u0905\u0905\u0905\u0905\u0905\u0905\u0905\u0905\u0905\u0905\u0905\u0905\u0905\u0905\u0905\u0905\u0905\u0905\u0905\u0905\u0905\u0905\u0905\u0905\u0905\u0905\u0905\u0905\u0905\u0905\u0905\u0905\u0905\u0905\u0905\u0905\u0905\u0905\u0905\u0905\u0905\u0905\u0905\u0905\u0905\u0905\u0905\u0905\u0905\u0905\u0905\u0905\u0905\u0905\u0905\u0905\u0905\u0905\u0905\u0905\u0905\u0905\u0905\u0905\u0905\u0905\u0905\u0905\u0905\u0905\u0905\u0905\u0905\u0905\u0905\u0905\u0905\u0905\u0905\u0905\u0905\u0905\u0905\u0905\u0905\u0905\u0905\u0905\u0905\u0905\u0905\u0905\u0905\u0905]" time="0.000" /><testcase classname="tests.test_demo" name="test_unicode_token_offsets" time="0.000" /><testcase classname="tests.test_demo" name="test_multiple_repeated_adjacent_entities" time="0.000" /><testcase classname="tests.test_demo" name="test_invalid_i_does_not_start_span" time="0.000" /><testcase classname="tests.test_demo" name="test_substring_includes_original_whitespace" time="0.000" /><testcase classname="tests.test_demo" name="test_bad_marginals[values0]" time="0.000" /><testcase classname="tests.test_demo" name="test_bad_marginals[values1]" time="0.000" /><testcase classname="tests.test_demo" name="test_bad_marginals[values2]" time="0.000" /><testcase classname="tests.test_demo" name="test_bad_marginals[values3]" time="0.000" /><testcase classname="tests.test_demo" name="test_html_escaping_and_preservation" time="0.000" /><testcase classname="tests.test_demo" name="test_json_csv_schema" time="0.001" /><testcase classname="tests.test_demo" name="test_csv_formula_safety" time="0.000" /><testcase classname="tests.test_demo" name="test_checksum_failure" time="0.000" /><testcase classname="tests.test_demo" name="test_inference_without_dataset_access" time="0.073" /><testcase classname="tests.test_demo" name="test_long_sentence_rejected" time="0.000" /><testcase classname="tests.test_demo_app" name="test_app_workflow" time="0.428" /><testcase classname="tests.test_demo_app" name="test_app_too_long_and_no_entities" time="0.159" /><testcase classname="tests.test_development_guard" name="test_permitted_splits[train_clean]" time="0.024" /><testcase classname="tests.test_development_guard" name="test_permitted_splits[validation_clean]" time="0.019" /><testcase classname="tests.test_development_guard" name="test_sealed_paths[open({p}).read()-data/derived/naamapadam_hi_crf_v1/test_clean.jsonl]" time="0.027" /><testcase classname="tests.test_development_guard" name="test_sealed_paths[open({p}).read()-data/derived/naamapadam_hi_crf_v1/official_test.jsonl]" time="0.027" /><testcase classname="tests.test_development_guard" name="test_sealed_paths[open({p}).read()-data/raw/naamapadam_hi/hi_test.json]" time="0.029" /><testcase classname="tests.test_development_guard" name="test_sealed_paths[open({p}).read()-reports/crf/100k_final/test_clean_predictions.jsonl]" time="0.027" /><testcase classname="tests.test_development_guard" name="test_sealed_paths[open({p}).read()-reports/crf/100k_final/restricted_examples/example.json]" time="0.027" /><testcase classname="tests.test_development_guard" name="test_sealed_paths[open({p}).read()-reports/crf/100k_final/test_clean_metrics.json]" time="0.027" /><testcase classname="tests.test_development_guard" name="test_sealed_paths[Path({p}).read_bytes()-data/derived/naamapadam_hi_crf_v1/test_clean.jsonl]" time="0.028" /><testcase classname="tests.test_development_guard" name="test_sealed_paths[Path({p}).read_bytes()-data/derived/naamapadam_hi_crf_v1/official_test.jsonl]" time="0.028" /><testcase classname="tests.test_development_guard" name="test_sealed_paths[Path({p}).read_bytes()-data/raw/naamapadam_hi/hi_test.json]" time="0.027" /><testcase classname="tests.test_development_guard" name="test_sealed_paths[Path({p}).read_bytes()-reports/crf/100k_final/test_clean_predictions.jsonl]" time="0.027" /><testcase classname="tests.test_development_guard" name="test_sealed_paths[Path({p}).read_bytes()-reports/crf/100k_final/restricted_examples/example.json]" time="0.027" /><testcase classname="tests.test_development_guard" name="test_sealed_paths[Path({p}).read_bytes()-reports/crf/100k_final/test_clean_metrics.json]" time="0.027" /><testcase classname="tests.test_development_guard" name="test_sealed_paths[os.open({p}, os.O_RDONLY)-data/derived/naamapadam_hi_crf_v1/test_clean.jsonl]" time="0.027" /><testcase classname="tests.test_development_guard" name="test_sealed_paths[os.open({p}, os.O_RDONLY)-data/derived/naamapadam_hi_crf_v1/official_test.jsonl]" time="0.027" /><testcase classname="tests.test_development_guard" name="test_sealed_paths[os.open({p}, os.O_RDONLY)-data/raw/naamapadam_hi/hi_test.json]" time="0.027" /><testcase classname="tests.test_development_guard" name="test_sealed_paths[os.open({p}, os.O_RDONLY)-reports/crf/100k_final/test_clean_predictions.jsonl]" time="0.027" /><testcase classname="tests.test_development_guard" name="test_sealed_paths[os.open({p}, os.O_RDONLY)-reports/crf/100k_final/restricted_examples/example.json]" time="0.027" /><testcase classname="tests.test_development_guard" name="test_sealed_paths[os.open({p}, os.O_RDONLY)-reports/crf/100k_final/test_clean_metrics.json]" time="0.027" /><testcase classname="tests.test_development_guard" name="test_symlink_alias" time="0.027" /><testcase classname="tests.test_development_guard" name="test_write_forbidden" time="0.027" /><testcase classname="tests.test_development_guard" name="test_child_process_forbidden" time="0.030" /><testcase classname="tests.test_development_guard" name="test_historical_training_is_blocked_before_training" time="0.083" /><testcase classname="tests.test_development_guard" name="test_historical_evaluation_rejects_test_before_loading" time="0.070" /><testcase classname="tests.test_final_evaluation" name="test_frozen_config_tampering" time="0.001" /><testcase classname="tests.test_final_evaluation" name="test_freeze_manifest_tampering" time="0.001" /><testcase classname="tests.test_final_evaluation" name="test_final_split_rejection[train_clean]" time="0.000" /><testcase classname="tests.test_final_evaluation" name="test_final_split_rejection[validation_clean]" time="0.000" /><testcase classname="tests.test_final_evaluation" name="test_final_split_rejection[../test_clean]" time="0.000" /><testcase classname="tests.test_final_evaluation" name="test_final_split_selection[test_clean]" time="0.000" /><testcase classname="tests.test_final_evaluation" name="test_final_split_selection[official_test]" time="0.000" /><testcase classname="tests.test_final_evaluation" name="test_test_data_cannot_train[validation]" time="0.000" /><testcase classname="tests.test_final_evaluation" name="test_test_data_cannot_train[test]" time="0.000" /><testcase classname="tests.test_final_evaluation" name="test_prediction_schema_and_replay" time="0.001" /><testcase classname="tests.test_final_evaluation" name="test_empty_official_prediction" time="0.000" /><testcase classname="tests.test_final_evaluation" name="test_prediction_wrong_source" time="0.000" /><testcase classname="tests.test_final_evaluation" name="test_one_shot_guard" time="0.001" /><testcase classname="tests.test_foundation" name="test_schema_discovery" time="0.000" /><testcase classname="tests.test_foundation" name="test_schema_is_not_executed" time="0.000" /><testcase classname="tests.test_foundation" name="test_invalid_schema[x = 1]" time="0.000" /><testcase classname="tests.test_foundation" name="test_invalid_schema[x = datasets.ClassLabel(names=['O'])]" time="0.000" /><testcase classname="tests.test_foundation" name="test_invalid_schema[x = datasets.ClassLabel(names=unknown)]" time="0.000" /><testcase classname="tests.test_foundation" name="test_checksum_stable_and_detects_change" time="0.001" /><testcase classname="tests.test_foundation" name="test_checksum_detects_new_file" time="0.001" /><testcase classname="tests.test_foundation" name="test_checksum_relative_paths" time="0.001" /><testcase classname="tests.test_foundation" name="test_empty_checksum_rejected" time="0.000" /><testcase classname="tests.test_foundation" name="test_json_unicode_roundtrip" time="0.001" /><testcase classname="tests.test_foundation" name="test_environment_reports_observations" time="0.026" /><testcase classname="tests.test_metrics" name="test_full_match" time="0.000" /><testcase classname="tests.test_metrics" name="test_wrong_boundary_not_partial_credit" time="0.000" /><testcase classname="tests.test_metrics" name="test_wrong_type" time="0.000" /><testcase classname="tests.test_metrics" name="test_micro_counts_across_sentences" time="0.000" /><testcase classname="tests.test_metrics" name="test_shape_rejected" time="0.000" /></testsuite></testsuites>